{"D:\\assigment\\task-api\\src\\app.js": {"path":"D:\\assigment\\task-api\\src\\app.js","statementMap":{"0":{"start":{"line":1,"column":16},"end":{"line":1,"column":34}},"1":{"start":{"line":2,"column":19},"end":{"line":2,"column":49}},"2":{"start":{"line":4,"column":12},"end":{"line":4,"column":21}},"3":{"start":{"line":6,"column":0},"end":{"line":6,"column":24}},"4":{"start":{"line":7,"column":0},"end":{"line":7,"column":30}},"5":{"start":{"line":10,"column":0},"end":{"line":12,"column":3}},"6":{"start":{"line":11,"column":2},"end":{"line":11,"column":53}},"7":{"start":{"line":14,"column":0},"end":{"line":14,"column":21}}},"fnMap":{"0":{"name":"(anonymous_0)","decl":{"start":{"line":10,"column":8},"end":{"line":10,"column":9}},"loc":{"start":{"line":10,"column":22},"end":{"line":12,"column":1}},"line":10}},"branchMap":{},"s":{"0":1,"1":1,"2":1,"3":1,"4":1,"5":1,"6":1,"7":1},"f":{"0":1},"b":{},"_coverageSchema":"1a1c01bbd47fc00a2c39e90264f33305004495a9","hash":"4b6924c595bfbfa9f9b27a6c7163bd56d5151ea0"}
,"D:\\assigment\\task-api\\src\\taskController.js": {"path":"D:\\assigment\\task-api\\src\\taskController.js","statementMap":{"0":{"start":{"line":1,"column":20},"end":{"line":1,"column":44}},"1":{"start":{"line":3,"column":20},"end":{"line":11,"column":1}},"2":{"start":{"line":4,"column":2},"end":{"line":10,"column":3}},"3":{"start":{"line":5,"column":36},"end":{"line":5,"column":45}},"4":{"start":{"line":6,"column":18},"end":{"line":6,"column":66}},"5":{"start":{"line":7,"column":4},"end":{"line":7,"column":32}},"6":{"start":{"line":9,"column":4},"end":{"line":9,"column":51}},"7":{"start":{"line":13,"column":17},"end":{"line":20,"column":1}},"8":{"start":{"line":14,"column":2},"end":{"line":19,"column":3}},"9":{"start":{"line":15,"column":18},"end":{"line":15,"column":40}},"10":{"start":{"line":16,"column":4},"end":{"line":16,"column":32}},"11":{"start":{"line":18,"column":4},"end":{"line":18,"column":51}},"12":{"start":{"line":22,"column":19},"end":{"line":43,"column":1}},"13":{"start":{"line":23,"column":2},"end":{"line":42,"column":3}},"14":{"start":{"line":24,"column":72},"end":{"line":24,"column":80}},"15":{"start":{"line":26,"column":4},"end":{"line":28,"column":5}},"16":{"start":{"line":27,"column":6},"end":{"line":27,"column":66}},"17":{"start":{"line":30,"column":20},"end":{"line":37,"column":6}},"18":{"start":{"line":39,"column":4},"end":{"line":39,"column":34}},"19":{"start":{"line":41,"column":4},"end":{"line":41,"column":51}},"20":{"start":{"line":45,"column":19},"end":{"line":58,"column":1}},"21":{"start":{"line":46,"column":2},"end":{"line":57,"column":3}},"22":{"start":{"line":47,"column":19},"end":{"line":47,"column":29}},"23":{"start":{"line":48,"column":24},"end":{"line":48,"column":60}},"24":{"start":{"line":50,"column":4},"end":{"line":52,"column":5}},"25":{"start":{"line":51,"column":6},"end":{"line":51,"column":63}},"26":{"start":{"line":54,"column":4},"end":{"line":54,"column":38}},"27":{"start":{"line":56,"column":4},"end":{"line":56,"column":51}},"28":{"start":{"line":60,"column":19},"end":{"line":73,"column":1}},"29":{"start":{"line":61,"column":2},"end":{"line":72,"column":3}},"30":{"start":{"line":62,"column":19},"end":{"line":62,"column":29}},"31":{"start":{"line":63,"column":20},"end":{"line":63,"column":46}},"32":{"start":{"line":65,"column":4},"end":{"line":67,"column":5}},"33":{"start":{"line":66,"column":6},"end":{"line":66,"column":63}},"34":{"start":{"line":69,"column":4},"end":{"line":69,"column":27}},"35":{"start":{"line":71,"column":4},"end":{"line":71,"column":51}},"36":{"start":{"line":75,"column":21},"end":{"line":88,"column":1}},"37":{"start":{"line":76,"column":2},"end":{"line":87,"column":3}},"38":{"start":{"line":77,"column":19},"end":{"line":77,"column":29}},"39":{"start":{"line":78,"column":17},"end":{"line":78,"column":45}},"40":{"start":{"line":80,"column":4},"end":{"line":82,"column":5}},"41":{"start":{"line":81,"column":6},"end":{"line":81,"column":63}},"42":{"start":{"line":84,"column":4},"end":{"line":84,"column":31}},"43":{"start":{"line":86,"column":4},"end":{"line":86,"column":51}},"44":{"start":{"line":90,"column":19},"end":{"line":109,"column":1}},"45":{"start":{"line":91,"column":2},"end":{"line":108,"column":3}},"46":{"start":{"line":92,"column":19},"end":{"line":92,"column":29}},"47":{"start":{"line":93,"column":25},"end":{"line":93,"column":39}},"48":{"start":{"line":95,"column":4},"end":{"line":97,"column":5}},"49":{"start":{"line":96,"column":6},"end":{"line":96,"column":84}},"50":{"start":{"line":99,"column":24},"end":{"line":99,"column":67}},"51":{"start":{"line":101,"column":4},"end":{"line":103,"column":5}},"52":{"start":{"line":102,"column":6},"end":{"line":102,"column":63}},"53":{"start":{"line":105,"column":4},"end":{"line":105,"column":38}},"54":{"start":{"line":107,"column":4},"end":{"line":107,"column":51}},"55":{"start":{"line":111,"column":0},"end":{"line":119,"column":2}}},"fnMap":{"0":{"name":"(anonymous_0)","decl":{"start":{"line":3,"column":20},"end":{"line":3,"column":21}},"loc":{"start":{"line":3,"column":34},"end":{"line":11,"column":1}},"line":3},"1":{"name":"(anonymous_1)","decl":{"start":{"line":13,"column":17},"end":{"line":13,"column":18}},"loc":{"start":{"line":13,"column":31},"end":{"line":20,"column":1}},"line":13},"2":{"name":"(anonymous_2)","decl":{"start":{"line":22,"column":19},"end":{"line":22,"column":20}},"loc":{"start":{"line":22,"column":33},"end":{"line":43,"column":1}},"line":22},"3":{"name":"(anonymous_3)","decl":{"start":{"line":45,"column":19},"end":{"line":45,"column":20}},"loc":{"start":{"line":45,"column":33},"end":{"line":58,"column":1}},"line":45},"4":{"name":"(anonymous_4)","decl":{"start":{"line":60,"column":19},"end":{"line":60,"column":20}},"loc":{"start":{"line":60,"column":33},"end":{"line":73,"column":1}},"line":60},"5":{"name":"(anonymous_5)","decl":{"start":{"line":75,"column":21},"end":{"line":75,"column":22}},"loc":{"start":{"line":75,"column":35},"end":{"line":88,"column":1}},"line":75},"6":{"name":"(anonymous_6)","decl":{"start":{"line":90,"column":19},"end":{"line":90,"column":20}},"loc":{"start":{"line":90,"column":33},"end":{"line":109,"column":1}},"line":90}},"branchMap":{"0":{"loc":{"start":{"line":26,"column":4},"end":{"line":28,"column":5}},"type":"if","locations":[{"start":{"line":26,"column":4},"end":{"line":28,"column":5}},{"start":{},"end":{}}],"line":26},"1":{"loc":{"start":{"line":26,"column":8},"end":{"line":26,"column":66}},"type":"binary-expr","locations":[{"start":{"line":26,"column":8},"end":{"line":26,"column":14}},{"start":{"line":26,"column":18},"end":{"line":26,"column":43}},{"start":{"line":26,"column":47},"end":{"line":26,"column":66}}],"line":26},"2":{"loc":{"start":{"line":50,"column":4},"end":{"line":52,"column":5}},"type":"if","locations":[{"start":{"line":50,"column":4},"end":{"line":52,"column":5}},{"start":{},"end":{}}],"line":50},"3":{"loc":{"start":{"line":65,"column":4},"end":{"line":67,"column":5}},"type":"if","locations":[{"start":{"line":65,"column":4},"end":{"line":67,"column":5}},{"start":{},"end":{}}],"line":65},"4":{"loc":{"start":{"line":80,"column":4},"end":{"line":82,"column":5}},"type":"if","locations":[{"start":{"line":80,"column":4},"end":{"line":82,"column":5}},{"start":{},"end":{}}],"line":80},"5":{"loc":{"start":{"line":93,"column":25},"end":{"line":93,"column":39}},"type":"binary-expr","locations":[{"start":{"line":93,"column":25},"end":{"line":93,"column":33}},{"start":{"line":93,"column":37},"end":{"line":93,"column":39}}],"line":93},"6":{"loc":{"start":{"line":95,"column":4},"end":{"line":97,"column":5}},"type":"if","locations":[{"start":{"line":95,"column":4},"end":{"line":97,"column":5}},{"start":{},"end":{}}],"line":95},"7":{"loc":{"start":{"line":95,"column":8},"end":{"line":95,"column":75}},"type":"binary-expr","locations":[{"start":{"line":95,"column":8},"end":{"line":95,"column":17}},{"start":{"line":95,"column":21},"end":{"line":95,"column":49}},{"start":{"line":95,"column":53},"end":{"line":95,"column":75}}],"line":95},"8":{"loc":{"start":{"line":101,"column":4},"end":{"line":103,"column":5}},"type":"if","locations":[{"start":{"line":101,"column":4},"end":{"line":103,"column":5}},{"start":{},"end":{}}],"line":101}},"s":{"0":1,"1":1,"2":4,"3":4,"4":4,"5":4,"6":0,"7":1,"8":1,"9":1,"10":1,"11":0,"12":1,"13":3,"14":3,"15":3,"16":2,"17":1,"18":1,"19":0,"20":1,"21":2,"22":2,"23":2,"24":2,"25":1,"26":1,"27":0,"28":1,"29":2,"30":2,"31":2,"32":2,"33":1,"34":1,"35":0,"36":1,"37":2,"38":2,"39":2,"40":2,"41":1,"42":1,"43":0,"44":1,"45":6,"46":6,"47":6,"48":6,"49":3,"50":3,"51":3,"52":1,"53":2,"54":0,"55":1},"f":{"0":4,"1":1,"2":3,"3":2,"4":2,"5":2,"6":6},"b":{"0":[2,1],"1":[3,2,2],"2":[1,1],"3":[1,1],"4":[1,1],"5":[6,0],"6":[3,3],"7":[6,5,4],"8":[1,2]},"_coverageSchema":"1a1c01bbd47fc00a2c39e90264f33305004495a9","hash":"9b79abec82123707b0510bf7d0d90db47940d255"}
,"D:\\assigment\\task-api\\src\\taskService.js": {"path":"D:\\assigment\\task-api\\src\\taskService.js","statementMap":{"0":{"start":{"line":1,"column":23},"end":{"line":1,"column":38}},"1":{"start":{"line":3,"column":12},"end":{"line":3,"column":14}},"2":{"start":{"line":5,"column":19},"end":{"line":7,"column":1}},"3":{"start":{"line":6,"column":2},"end":{"line":6,"column":13}},"4":{"start":{"line":9,"column":20},"end":{"line":26,"column":1}},"5":{"start":{"line":10,"column":15},"end":{"line":10,"column":25}},"6":{"start":{"line":12,"column":2},"end":{"line":14,"column":3}},"7":{"start":{"line":13,"column":4},"end":{"line":13,"column":67}},"8":{"start":{"line":13,"column":35},"end":{"line":13,"column":65}},"9":{"start":{"line":17,"column":2},"end":{"line":23,"column":3}},"10":{"start":{"line":18,"column":17},"end":{"line":18,"column":61}},"11":{"start":{"line":19,"column":18},"end":{"line":19,"column":64}},"12":{"start":{"line":20,"column":18},"end":{"line":20,"column":36}},"13":{"start":{"line":21,"column":16},"end":{"line":21,"column":29}},"14":{"start":{"line":22,"column":4},"end":{"line":22,"column":38}},"15":{"start":{"line":25,"column":2},"end":{"line":25,"column":16}},"16":{"start":{"line":28,"column":20},"end":{"line":30,"column":1}},"17":{"start":{"line":29,"column":2},"end":{"line":29,"column":52}},"18":{"start":{"line":29,"column":28},"end":{"line":29,"column":42}},"19":{"start":{"line":32,"column":19},"end":{"line":47,"column":1}},"20":{"start":{"line":33,"column":18},"end":{"line":43,"column":3}},"21":{"start":{"line":45,"column":2},"end":{"line":45,"column":22}},"22":{"start":{"line":46,"column":2},"end":{"line":46,"column":17}},"23":{"start":{"line":49,"column":19},"end":{"line":73,"column":1}},"24":{"start":{"line":50,"column":16},"end":{"line":50,"column":55}},"25":{"start":{"line":50,"column":40},"end":{"line":50,"column":54}},"26":{"start":{"line":51,"column":2},"end":{"line":51,"column":32}},"27":{"start":{"line":51,"column":20},"end":{"line":51,"column":32}},"28":{"start":{"line":53,"column":23},"end":{"line":53,"column":35}},"29":{"start":{"line":56,"column":20},"end":{"line":56,"column":44}},"30":{"start":{"line":57,"column":2},"end":{"line":61,"column":3}},"31":{"start":{"line":58,"column":4},"end":{"line":58,"column":43}},"32":{"start":{"line":59,"column":9},"end":{"line":61,"column":3}},"33":{"start":{"line":60,"column":4},"end":{"line":60,"column":23}},"34":{"start":{"line":63,"column":22},"end":{"line":69,"column":3}},"35":{"start":{"line":71,"column":2},"end":{"line":71,"column":29}},"36":{"start":{"line":72,"column":2},"end":{"line":72,"column":21}},"37":{"start":{"line":75,"column":19},"end":{"line":81,"column":1}},"38":{"start":{"line":76,"column":16},"end":{"line":76,"column":55}},"39":{"start":{"line":76,"column":40},"end":{"line":76,"column":54}},"40":{"start":{"line":77,"column":2},"end":{"line":77,"column":33}},"41":{"start":{"line":77,"column":20},"end":{"line":77,"column":33}},"42":{"start":{"line":79,"column":2},"end":{"line":79,"column":25}},"43":{"start":{"line":80,"column":2},"end":{"line":80,"column":14}},"44":{"start":{"line":83,"column":21},"end":{"line":94,"column":1}},"45":{"start":{"line":84,"column":15},"end":{"line":84,"column":30}},"46":{"start":{"line":85,"column":2},"end":{"line":85,"column":25}},"47":{"start":{"line":85,"column":13},"end":{"line":85,"column":25}},"48":{"start":{"line":87,"column":2},"end":{"line":87,"column":23}},"49":{"start":{"line":89,"column":2},"end":{"line":91,"column":3}},"50":{"start":{"line":90,"column":4},"end":{"line":90,"column":48}},"51":{"start":{"line":93,"column":2},"end":{"line":93,"column":14}},"52":{"start":{"line":96,"column":19},"end":{"line":102,"column":1}},"53":{"start":{"line":97,"column":15},"end":{"line":97,"column":30}},"54":{"start":{"line":98,"column":2},"end":{"line":98,"column":25}},"55":{"start":{"line":98,"column":13},"end":{"line":98,"column":25}},"56":{"start":{"line":100,"column":2},"end":{"line":100,"column":27}},"57":{"start":{"line":101,"column":2},"end":{"line":101,"column":14}},"58":{"start":{"line":104,"column":17},"end":{"line":124,"column":1}},"59":{"start":{"line":105,"column":16},"end":{"line":105,"column":28}},"60":{"start":{"line":106,"column":15},"end":{"line":106,"column":60}},"61":{"start":{"line":106,"column":33},"end":{"line":106,"column":52}},"62":{"start":{"line":107,"column":22},"end":{"line":107,"column":74}},"63":{"start":{"line":107,"column":40},"end":{"line":107,"column":66}},"64":{"start":{"line":108,"column":15},"end":{"line":108,"column":60}},"65":{"start":{"line":108,"column":33},"end":{"line":108,"column":52}},"66":{"start":{"line":110,"column":14},"end":{"line":110,"column":24}},"67":{"start":{"line":112,"column":18},"end":{"line":115,"column":11}},"68":{"start":{"line":113,"column":4},"end":{"line":113,"column":56}},"69":{"start":{"line":113,"column":43},"end":{"line":113,"column":56}},"70":{"start":{"line":114,"column":4},"end":{"line":114,"column":37}},"71":{"start":{"line":117,"column":2},"end":{"line":123,"column":4}},"72":{"start":{"line":126,"column":0},"end":{"line":137,"column":2}}},"fnMap":{"0":{"name":"(anonymous_0)","decl":{"start":{"line":5,"column":19},"end":{"line":5,"column":20}},"loc":{"start":{"line":5,"column":25},"end":{"line":7,"column":1}},"line":5},"1":{"name":"(anonymous_1)","decl":{"start":{"line":9,"column":20},"end":{"line":9,"column":21}},"loc":{"start":{"line":9,"column":38},"end":{"line":26,"column":1}},"line":9},"2":{"name":"(anonymous_2)","decl":{"start":{"line":13,"column":27},"end":{"line":13,"column":28}},"loc":{"start":{"line":13,"column":35},"end":{"line":13,"column":65}},"line":13},"3":{"name":"(anonymous_3)","decl":{"start":{"line":28,"column":20},"end":{"line":28,"column":21}},"loc":{"start":{"line":28,"column":28},"end":{"line":30,"column":1}},"line":28},"4":{"name":"(anonymous_4)","decl":{"start":{"line":29,"column":20},"end":{"line":29,"column":21}},"loc":{"start":{"line":29,"column":28},"end":{"line":29,"column":42}},"line":29},"5":{"name":"(anonymous_5)","decl":{"start":{"line":32,"column":19},"end":{"line":32,"column":20}},"loc":{"start":{"line":32,"column":33},"end":{"line":47,"column":1}},"line":32},"6":{"name":"(anonymous_6)","decl":{"start":{"line":49,"column":19},"end":{"line":49,"column":20}},"loc":{"start":{"line":49,"column":36},"end":{"line":73,"column":1}},"line":49},"7":{"name":"(anonymous_7)","decl":{"start":{"line":50,"column":32},"end":{"line":50,"column":33}},"loc":{"start":{"line":50,"column":40},"end":{"line":50,"column":54}},"line":50},"8":{"name":"(anonymous_8)","decl":{"start":{"line":75,"column":19},"end":{"line":75,"column":20}},"loc":{"start":{"line":75,"column":27},"end":{"line":81,"column":1}},"line":75},"9":{"name":"(anonymous_9)","decl":{"start":{"line":76,"column":32},"end":{"line":76,"column":33}},"loc":{"start":{"line":76,"column":40},"end":{"line":76,"column":54}},"line":76},"10":{"name":"(anonymous_10)","decl":{"start":{"line":83,"column":21},"end":{"line":83,"column":22}},"loc":{"start":{"line":83,"column":29},"end":{"line":94,"column":1}},"line":83},"11":{"name":"(anonymous_11)","decl":{"start":{"line":96,"column":19},"end":{"line":96,"column":20}},"loc":{"start":{"line":96,"column":37},"end":{"line":102,"column":1}},"line":96},"12":{"name":"(anonymous_12)","decl":{"start":{"line":104,"column":17},"end":{"line":104,"column":18}},"loc":{"start":{"line":104,"column":23},"end":{"line":124,"column":1}},"line":104},"13":{"name":"(anonymous_13)","decl":{"start":{"line":106,"column":28},"end":{"line":106,"column":29}},"loc":{"start":{"line":106,"column":33},"end":{"line":106,"column":52}},"line":106},"14":{"name":"(anonymous_14)","decl":{"start":{"line":107,"column":35},"end":{"line":107,"column":36}},"loc":{"start":{"line":107,"column":40},"end":{"line":107,"column":66}},"line":107},"15":{"name":"(anonymous_15)","decl":{"start":{"line":108,"column":28},"end":{"line":108,"column":29}},"loc":{"start":{"line":108,"column":33},"end":{"line":108,"column":52}},"line":108},"16":{"name":"(anonymous_16)","decl":{"start":{"line":112,"column":31},"end":{"line":112,"column":32}},"loc":{"start":{"line":112,"column":36},"end":{"line":115,"column":3}},"line":112}},"branchMap":{"0":{"loc":{"start":{"line":9,"column":21},"end":{"line":9,"column":33}},"type":"default-arg","locations":[{"start":{"line":9,"column":31},"end":{"line":9,"column":33}}],"line":9},"1":{"loc":{"start":{"line":12,"column":2},"end":{"line":14,"column":3}},"type":"if","locations":[{"start":{"line":12,"column":2},"end":{"line":14,"column":3}},{"start":{},"end":{}}],"line":12},"2":{"loc":{"start":{"line":17,"column":2},"end":{"line":23,"column":3}},"type":"if","locations":[{"start":{"line":17,"column":2},"end":{"line":23,"column":3}},{"start":{},"end":{}}],"line":17},"3":{"loc":{"start":{"line":17,"column":6},"end":{"line":17,"column":63}},"type":"binary-expr","locations":[{"start":{"line":17,"column":6},"end":{"line":17,"column":32}},{"start":{"line":17,"column":36},"end":{"line":17,"column":63}}],"line":17},"4":{"loc":{"start":{"line":18,"column":29},"end":{"line":18,"column":60}},"type":"binary-expr","locations":[{"start":{"line":18,"column":29},"end":{"line":18,"column":55}},{"start":{"line":18,"column":59},"end":{"line":18,"column":60}}],"line":18},"5":{"loc":{"start":{"line":19,"column":30},"end":{"line":19,"column":63}},"type":"binary-expr","locations":[{"start":{"line":19,"column":30},"end":{"line":19,"column":57}},{"start":{"line":19,"column":61},"end":{"line":19,"column":63}}],"line":19},"6":{"loc":{"start":{"line":29,"column":9},"end":{"line":29,"column":51}},"type":"binary-expr","locations":[{"start":{"line":29,"column":9},"end":{"line":29,"column":43}},{"start":{"line":29,"column":47},"end":{"line":29,"column":51}}],"line":29},"7":{"loc":{"start":{"line":35,"column":11},"end":{"line":35,"column":31}},"type":"binary-expr","locations":[{"start":{"line":35,"column":11},"end":{"line":35,"column":25}},{"start":{"line":35,"column":29},"end":{"line":35,"column":31}}],"line":35},"8":{"loc":{"start":{"line":36,"column":17},"end":{"line":36,"column":43}},"type":"binary-expr","locations":[{"start":{"line":36,"column":17},"end":{"line":36,"column":37}},{"start":{"line":36,"column":41},"end":{"line":36,"column":43}}],"line":36},"9":{"loc":{"start":{"line":37,"column":12},"end":{"line":37,"column":37}},"type":"binary-expr","locations":[{"start":{"line":37,"column":12},"end":{"line":37,"column":27}},{"start":{"line":37,"column":31},"end":{"line":37,"column":37}}],"line":37},"10":{"loc":{"start":{"line":38,"column":14},"end":{"line":38,"column":43}},"type":"binary-expr","locations":[{"start":{"line":38,"column":14},"end":{"line":38,"column":31}},{"start":{"line":38,"column":35},"end":{"line":38,"column":43}}],"line":38},"11":{"loc":{"start":{"line":39,"column":13},"end":{"line":39,"column":37}},"type":"binary-expr","locations":[{"start":{"line":39,"column":13},"end":{"line":39,"column":29}},{"start":{"line":39,"column":33},"end":{"line":39,"column":37}}],"line":39},"12":{"loc":{"start":{"line":40,"column":17},"end":{"line":40,"column":77}},"type":"cond-expr","locations":[{"start":{"line":40,"column":46},"end":{"line":40,"column":70}},{"start":{"line":40,"column":73},"end":{"line":40,"column":77}}],"line":40},"13":{"loc":{"start":{"line":41,"column":14},"end":{"line":41,"column":39}},"type":"binary-expr","locations":[{"start":{"line":41,"column":14},"end":{"line":41,"column":31}},{"start":{"line":41,"column":35},"end":{"line":41,"column":39}}],"line":41},"14":{"loc":{"start":{"line":51,"column":2},"end":{"line":51,"column":32}},"type":"if","locations":[{"start":{"line":51,"column":2},"end":{"line":51,"column":32}},{"start":{},"end":{}}],"line":51},"15":{"loc":{"start":{"line":57,"column":2},"end":{"line":61,"column":3}},"type":"if","locations":[{"start":{"line":57,"column":2},"end":{"line":61,"column":3}},{"start":{"line":59,"column":9},"end":{"line":61,"column":3}}],"line":57},"16":{"loc":{"start":{"line":57,"column":6},"end":{"line":57,"column":47}},"type":"binary-expr","locations":[{"start":{"line":57,"column":6},"end":{"line":57,"column":31}},{"start":{"line":57,"column":35},"end":{"line":57,"column":47}}],"line":57},"17":{"loc":{"start":{"line":59,"column":9},"end":{"line":61,"column":3}},"type":"if","locations":[{"start":{"line":59,"column":9},"end":{"line":61,"column":3}},{"start":{},"end":{}}],"line":59},"18":{"loc":{"start":{"line":59,"column":13},"end":{"line":59,"column":56}},"type":"binary-expr","locations":[{"start":{"line":59,"column":13},"end":{"line":59,"column":27}},{"start":{"line":59,"column":31},"end":{"line":59,"column":56}}],"line":59},"19":{"loc":{"start":{"line":77,"column":2},"end":{"line":77,"column":33}},"type":"if","locations":[{"start":{"line":77,"column":2},"end":{"line":77,"column":33}},{"start":{},"end":{}}],"line":77},"20":{"loc":{"start":{"line":85,"column":2},"end":{"line":85,"column":25}},"type":"if","locations":[{"start":{"line":85,"column":2},"end":{"line":85,"column":25}},{"start":{},"end":{}}],"line":85},"21":{"loc":{"start":{"line":89,"column":2},"end":{"line":91,"column":3}},"type":"if","locations":[{"start":{"line":89,"column":2},"end":{"line":91,"column":3}},{"start":{},"end":{}}],"line":89},"22":{"loc":{"start":{"line":98,"column":2},"end":{"line":98,"column":25}},"type":"if","locations":[{"start":{"line":98,"column":2},"end":{"line":98,"column":25}},{"start":{},"end":{}}],"line":98},"23":{"loc":{"start":{"line":113,"column":4},"end":{"line":113,"column":56}},"type":"if","locations":[{"start":{"line":113,"column":4},"end":{"line":113,"column":56}},{"start":{},"end":{}}],"line":113},"24":{"loc":{"start":{"line":113,"column":8},"end":{"line":113,"column":41}},"type":"binary-expr","locations":[{"start":{"line":113,"column":8},"end":{"line":113,"column":18}},{"start":{"line":113,"column":22},"end":{"line":113,"column":41}}],"line":113}},"s":{"0":2,"1":2,"2":2,"3":43,"4":2,"5":11,"6":11,"7":3,"8":8,"9":11,"10":3,"11":3,"12":3,"13":3,"14":3,"15":11,"16":2,"17":16,"18":10,"19":2,"20":46,"21":46,"22":46,"23":2,"24":5,"25":3,"26":5,"27":2,"28":3,"29":3,"30":3,"31":1,"32":2,"33":1,"34":3,"35":3,"36":3,"37":2,"38":4,"39":2,"40":4,"41":2,"42":2,"43":2,"44":2,"45":6,"46":6,"47":2,"48":4,"49":4,"50":3,"51":4,"52":2,"53":6,"54":6,"55":2,"56":4,"57":4,"58":2,"59":3,"60":3,"61":11,"62":3,"63":11,"64":3,"65":11,"66":3,"67":3,"68":11,"69":8,"70":3,"71":3,"72":2},"f":{"0":43,"1":11,"2":8,"3":16,"4":10,"5":46,"6":5,"7":3,"8":4,"9":2,"10":6,"11":6,"12":3,"13":11,"14":11,"15":11,"16":11},"b":{"0":[2],"1":[3,8],"2":[3,8],"3":[11,8],"4":[3,0],"5":[3,0],"6":[16,6],"7":[46,0],"8":[46,44],"9":[46,25],"10":[46,43],"11":[46,40],"12":[6,40],"13":[46,45],"14":[2,3],"15":[1,2],"16":[3,1],"17":[1,1],"18":[2,1],"19":[2,2],"20":[2,4],"21":[3,1],"22":[2,4],"23":[8,3],"24":[11,4]},"_coverageSchema":"1a1c01bbd47fc00a2c39e90264f33305004495a9","hash":"4ce5448195b028afeb531767275f52d356d606bc"}
,"D:\\assigment\\task-api\\src\\routes\\taskRoutes.js": {"path":"D:\\assigment\\task-api\\src\\routes\\taskRoutes.js","statementMap":{"0":{"start":{"line":1,"column":16},"end":{"line":1,"column":34}},"1":{"start":{"line":2,"column":15},"end":{"line":2,"column":31}},"2":{"start":{"line":3,"column":23},"end":{"line":3,"column":51}},"3":{"start":{"line":6,"column":0},"end":{"line":6,"column":46}},"4":{"start":{"line":8,"column":0},"end":{"line":8,"column":44}},"5":{"start":{"line":9,"column":0},"end":{"line":9,"column":44}},"6":{"start":{"line":10,"column":0},"end":{"line":10,"column":46}},"7":{"start":{"line":11,"column":0},"end":{"line":11,"column":49}},"8":{"start":{"line":12,"column":0},"end":{"line":12,"column":59}},"9":{"start":{"line":13,"column":0},"end":{"line":13,"column":55}},"10":{"start":{"line":15,"column":0},"end":{"line":15,"column":24}}},"fnMap":{},"branchMap":{},"s":{"0":1,"1":1,"2":1,"3":1,"4":1,"5":1,"6":1,"7":1,"8":1,"9":1,"10":1},"f":{},"b":{},"_coverageSchema":"1a1c01bbd47fc00a2c39e90264f33305004495a9","hash":"d415fb0adae3ade6824d2d0d507a1e66ca1949f9"}
}
