TN:
SF:src\app.js
FN:10,(anonymous_0)
FNF:1
FNH:1
FNDA:1,(anonymous_0)
DA:1,1
DA:2,1
DA:4,1
DA:6,1
DA:7,1
DA:10,1
DA:11,1
DA:14,1
LF:8
LH:8
BRF:0
BRH:0
end_of_record
TN:
SF:src\taskController.js
FN:3,(anonymous_0)
FN:13,(anonymous_1)
FN:22,(anonymous_2)
FN:45,(anonymous_3)
FN:60,(anonymous_4)
FN:75,(anonymous_5)
FN:90,(anonymous_6)
FNF:7
FNH:7
FNDA:4,(anonymous_0)
FNDA:1,(anonymous_1)
FNDA:3,(anonymous_2)
FNDA:2,(anonymous_3)
FNDA:2,(anonymous_4)
FNDA:2,(anonymous_5)
FNDA:6,(anonymous_6)
DA:1,1
DA:3,1
DA:4,4
DA:5,4
DA:6,4
DA:7,4
DA:9,0
DA:13,1
DA:14,1
DA:15,1
DA:16,1
DA:18,0
DA:22,1
DA:23,3
DA:24,3
DA:26,3
DA:27,2
DA:30,1
DA:39,1
DA:41,0
DA:45,1
DA:46,2
DA:47,2
DA:48,2
DA:50,2
DA:51,1
DA:54,1
DA:56,0
DA:60,1
DA:61,2
DA:62,2
DA:63,2
DA:65,2
DA:66,1
DA:69,1
DA:71,0
DA:75,1
DA:76,2
DA:77,2
DA:78,2
DA:80,2
DA:81,1
DA:84,1
DA:86,0
DA:90,1
DA:91,6
DA:92,6
DA:93,6
DA:95,6
DA:96,3
DA:99,3
DA:101,3
DA:102,1
DA:105,2
DA:107,0
DA:111,1
LF:56
LH:49
BRDA:26,0,0,2
BRDA:26,0,1,1
BRDA:26,1,0,3
BRDA:26,1,1,2
BRDA:26,1,2,2
BRDA:50,2,0,1
BRDA:50,2,1,1
BRDA:65,3,0,1
BRDA:65,3,1,1
BRDA:80,4,0,1
BRDA:80,4,1,1
BRDA:93,5,0,6
BRDA:93,5,1,0
BRDA:95,6,0,3
BRDA:95,6,1,3
BRDA:95,7,0,6
BRDA:95,7,1,5
BRDA:95,7,2,4
BRDA:101,8,0,1
BRDA:101,8,1,2
BRF:20
BRH:19
end_of_record
TN:
SF:src\taskService.js
FN:5,(anonymous_0)
FN:9,(anonymous_1)
FN:13,(anonymous_2)
FN:28,(anonymous_3)
FN:29,(anonymous_4)
FN:32,(anonymous_5)
FN:49,(anonymous_6)
FN:50,(anonymous_7)
FN:75,(anonymous_8)
FN:76,(anonymous_9)
FN:83,(anonymous_10)
FN:96,(anonymous_11)
FN:104,(anonymous_12)
FN:106,(anonymous_13)
FN:107,(anonymous_14)
FN:108,(anonymous_15)
FN:112,(anonymous_16)
FNF:17
FNH:17
FNDA:43,(anonymous_0)
FNDA:11,(anonymous_1)
FNDA:8,(anonymous_2)
FNDA:16,(anonymous_3)
FNDA:10,(anonymous_4)
FNDA:46,(anonymous_5)
FNDA:5,(anonymous_6)
FNDA:3,(anonymous_7)
FNDA:4,(anonymous_8)
FNDA:2,(anonymous_9)
FNDA:6,(anonymous_10)
FNDA:6,(anonymous_11)
FNDA:3,(anonymous_12)
FNDA:11,(anonymous_13)
FNDA:11,(anonymous_14)
FNDA:11,(anonymous_15)
FNDA:11,(anonymous_16)
DA:1,2
DA:3,2
DA:5,2
DA:6,43
DA:9,2
DA:10,11
DA:12,11
DA:13,8
DA:17,11
DA:18,3
DA:19,3
DA:20,3
DA:21,3
DA:22,3
DA:25,11
DA:28,2
DA:29,16
DA:32,2
DA:33,46
DA:45,46
DA:46,46
DA:49,2
DA:50,5
DA:51,5
DA:53,3
DA:56,3
DA:57,3
DA:58,1
DA:59,2
DA:60,1
DA:63,3
DA:71,3
DA:72,3
DA:75,2
DA:76,4
DA:77,4
DA:79,2
DA:80,2
DA:83,2
DA:84,6
DA:85,6
DA:87,4
DA:89,4
DA:90,3
DA:93,4
DA:96,2
DA:97,6
DA:98,6
DA:100,4
DA:101,4
DA:104,2
DA:105,3
DA:106,11
DA:107,11
DA:108,11
DA:110,3
DA:112,3
DA:113,11
DA:114,3
DA:117,3
DA:126,2
LF:61
LH:61
BRDA:9,0,0,2
BRDA:12,1,0,3
BRDA:12,1,1,8
BRDA:17,2,0,3
BRDA:17,2,1,8
BRDA:17,3,0,11
BRDA:17,3,1,8
BRDA:18,4,0,3
BRDA:18,4,1,0
BRDA:19,5,0,3
BRDA:19,5,1,0
BRDA:29,6,0,16
BRDA:29,6,1,6
BRDA:35,7,0,46
BRDA:35,7,1,0
BRDA:36,8,0,46
BRDA:36,8,1,44
BRDA:37,9,0,46
BRDA:37,9,1,25
BRDA:38,10,0,46
BRDA:38,10,1,43
BRDA:39,11,0,46
BRDA:39,11,1,40
BRDA:40,12,0,6
BRDA:40,12,1,40
BRDA:41,13,0,46
BRDA:41,13,1,45
BRDA:51,14,0,2
BRDA:51,14,1,3
BRDA:57,15,0,1
BRDA:57,15,1,2
BRDA:57,16,0,3
BRDA:57,16,1,1
BRDA:59,17,0,1
BRDA:59,17,1,1
BRDA:59,18,0,2
BRDA:59,18,1,1
BRDA:77,19,0,2
BRDA:77,19,1,2
BRDA:85,20,0,2
BRDA:85,20,1,4
BRDA:89,21,0,3
BRDA:89,21,1,1
BRDA:98,22,0,2
BRDA:98,22,1,4
BRDA:113,23,0,8
BRDA:113,23,1,3
BRDA:113,24,0,11
BRDA:113,24,1,4
BRF:49
BRH:46
end_of_record
TN:
SF:src\routes\taskRoutes.js
FNF:0
FNH:0
DA:1,1
DA:2,1
DA:3,1
DA:6,1
DA:8,1
DA:9,1
DA:10,1
DA:11,1
DA:12,1
DA:13,1
DA:15,1
LF:11
LH:11
BRF:0
BRH:0
end_of_record
